SF:lib/src/helper/UtilityHelper.dart
DA:4,4
DA:7,1
DA:9,1
DA:10,1
DA:13,1
DA:14,4
LF:6
LH:6
end_of_record
SF:lib/src/model/Option.dart
DA:4,1
DA:6,0
DA:8,0
DA:9,0
DA:10,0
DA:11,0
DA:16,0
DA:18,0
DA:19,0
DA:20,0
DA:21,0
DA:22,0
DA:23,0
DA:28,0
DA:29,0
DA:32,0
DA:34,0
DA:35,0
DA:36,0
DA:37,0
DA:38,0
DA:39,0
DA:40,0
DA:41,0
DA:46,1
DA:47,2
DA:48,0
DA:49,2
DA:50,1
DA:51,0
DA:52,0
DA:53,0
DA:54,0
DA:55,0
DA:56,0
LF:35
LH:5
end_of_record
SF:lib/Utils.dart
DA:15,4
DA:18,1
DA:19,1
DA:20,2
DA:21,1
DA:25,1
DA:26,2
DA:27,1
DA:31,1
DA:32,1
DA:33,1
DA:34,2
DA:35,1
DA:36,0
DA:40,0
DA:41,0
DA:42,0
DA:43,0
DA:44,0
DA:50,1
DA:54,1
DA:56,1
DA:57,1
DA:60,1
DA:62,1
DA:63,1
DA:64,2
DA:65,0
DA:66,0
DA:68,0
DA:72,1
DA:73,2
DA:74,0
DA:76,2
DA:77,0
DA:78,0
DA:79,0
DA:86,1
DA:87,1
DA:88,1
DA:90,1
DA:91,3
DA:92,1
DA:94,1
DA:95,2
DA:100,0
DA:101,0
DA:102,0
DA:103,0
DA:104,0
DA:112,1
DA:113,1
DA:114,2
DA:115,1
DA:117,5
DA:123,1
DA:124,1
DA:125,1
DA:126,1
DA:127,1
DA:128,0
DA:129,0
DA:132,1
DA:133,2
DA:134,2
LF:65
LH:45
end_of_record
SF:lib/src/helper/Metadata.dart
DA:26,1
DA:27,2
DA:28,3
DA:29,3
DA:30,2
DA:31,3
DA:32,3
DA:33,2
DA:34,2
DA:37,1
DA:38,1
DA:41,1
DA:42,1
DA:45,1
DA:46,1
DA:49,1
DA:50,1
DA:53,1
DA:54,1
DA:57,1
DA:58,1
LF:21
LH:21
end_of_record
SF:lib/src/embedded/StyleType.dart
DA:1,2
LF:1
LH:1
end_of_record
SF:lib/src/embedded/ItemType.dart
DA:3,2
LF:1
LH:1
end_of_record
