SF:lib/src/helper/UtilityHelper.dart
DA:6,1
DA:8,1
DA:9,0
DA:12,0
DA:13,0
DA:18,0
DA:19,0
DA:20,0
DA:21,0
LF:9
LH:2
end_of_record
SF:lib/src/model/Option.dart
DA:4,1
DA:6,0
DA:8,0
DA:9,0
DA:10,0
DA:11,0
DA:16,0
DA:18,0
DA:19,0
DA:20,0
DA:21,0
DA:22,0
DA:23,0
DA:28,0
DA:29,0
DA:32,0
DA:34,0
DA:35,0
DA:36,0
DA:37,0
DA:38,0
DA:39,0
DA:40,0
DA:41,0
DA:46,1
DA:47,2
DA:48,0
DA:49,2
DA:50,1
DA:51,0
DA:52,0
DA:53,0
DA:54,0
DA:55,0
DA:56,0
LF:35
LH:5
end_of_record
SF:lib/utils.dart
DA:14,1
DA:15,1
DA:16,0
DA:20,1
DA:21,0
DA:22,0
DA:26,1
DA:27,1
DA:28,1
DA:29,2
DA:30,1
DA:31,0
DA:35,0
DA:36,0
DA:37,0
DA:38,0
DA:39,0
DA:45,0
DA:49,1
DA:51,1
DA:52,1
DA:55,1
DA:57,1
DA:58,1
DA:59,2
DA:60,0
DA:61,0
DA:63,0
DA:67,1
DA:68,2
DA:69,0
DA:71,2
DA:72,0
DA:73,0
DA:74,0
DA:81,1
DA:82,1
DA:83,1
DA:85,1
DA:86,3
DA:87,1
DA:89,1
DA:90,2
DA:95,0
DA:96,0
DA:97,0
DA:98,0
DA:99,0
DA:107,1
DA:108,1
DA:109,2
DA:110,1
DA:112,5
DA:118,1
DA:119,1
DA:120,1
DA:121,1
DA:122,1
DA:123,0
DA:124,0
DA:127,1
DA:128,2
DA:129,2
LF:63
LH:39
end_of_record
SF:lib/src/helper/Metadata.dart
DA:26,1
DA:27,2
DA:28,3
DA:29,3
DA:30,2
DA:31,3
DA:32,3
DA:33,2
DA:34,2
DA:37,1
DA:38,1
DA:41,1
DA:42,1
DA:45,1
DA:46,1
DA:49,1
DA:50,1
DA:53,1
DA:54,1
DA:57,0
DA:58,0
LF:21
LH:19
end_of_record
SF:lib/src/embedded/StyleType.dart
DA:1,2
LF:1
LH:1
end_of_record
SF:lib/src/embedded/ItemType.dart
DA:3,2
LF:1
LH:1
end_of_record
